INFO 2015-04-22 03:35:03,467: Running
INFO 2015-04-22 03:35:03,467: Using default config file.
INFO 2015-04-22 03:35:03,468: Reading CAMEO.verbpatterns.140901.txt
INFO 2015-04-22 03:35:03,620: Reading /Users/camillemalonzo/GitHub/spring-2015/cs341/finalproject/petrarch/petrarch/data/dictionaries/Phoenix.Countries.actors.txt
WARNING 2015-04-22 03:35:03,797: End date in interval date restriction is less than starting date; line skipped
WARNING 2015-04-22 03:35:03,994: String in date restriction could not be interpreted; line skipped
INFO 2015-04-22 03:35:04,275: Reading /Users/camillemalonzo/GitHub/spring-2015/cs341/finalproject/petrarch/petrarch/data/dictionaries/Phoenix.International.actors.txt
WARNING 2015-04-22 03:35:04,275: End date in interval date restriction is less than starting date; line skipped
INFO 2015-04-22 03:35:04,389: Reading /Users/camillemalonzo/GitHub/spring-2015/cs341/finalproject/petrarch/petrarch/data/dictionaries/Phoenix.MilNonState.actors.txt
INFO 2015-04-22 03:35:04,433: Reading Phoenix.agents.txt

WARNING 2015-04-22 03:35:04,441: Substitution marker !MINST! missing in .agents file; line skipped
WARNING 2015-04-22 03:35:04,441: Substitution marker !MINST! missing in .agents file; line skipped
WARNING 2015-04-22 03:35:04,442: Substitution marker !MINST! missing in .agents file; line skipped
WARNING 2015-04-22 03:35:04,442: Substitution marker !MINST! missing in .agents file; line skipped
WARNING 2015-04-22 03:35:04,442: Substitution marker !MINST! missing in .agents file; line skipped
WARNING 2015-04-22 03:35:04,442: Substitution marker !MINST! missing in .agents file; line skipped
WARNING 2015-04-22 03:35:04,442: Substitution marker !MINST! missing in .agents file; line skipped
WARNING 2015-04-22 03:35:04,442: Substitution marker !MINST! missing in .agents file; line skipped
WARNING 2015-04-22 03:35:04,442: Substitution marker !MINST! missing in .agents file; line skipped
WARNING 2015-04-22 03:35:04,442: Substitution marker !MINST! missing in .agents file; line skipped
WARNING 2015-04-22 03:35:04,442: Substitution marker !MINST! missing in .agents file; line skipped
WARNING 2015-04-22 03:35:04,442: Substitution marker !MINST! missing in .agents file; line skipped
WARNING 2015-04-22 03:35:04,442: Substitution marker !MINST! missing in .agents file; line skipped
WARNING 2015-04-22 03:35:04,442: Substitution marker !MINST! missing in .agents file; line skipped
WARNING 2015-04-22 03:35:04,442: Substitution marker !MINST! missing in .agents file; line skipped
WARNING 2015-04-22 03:35:04,443: Substitution marker !MINST! missing in .agents file; line skipped
WARNING 2015-04-22 03:35:04,443: Substitution marker !MINST! missing in .agents file; line skipped
WARNING 2015-04-22 03:35:04,443: Substitution marker !MINST! missing in .agents file; line skipped
WARNING 2015-04-22 03:35:04,443: Substitution marker !MINST! missing in .agents file; line skipped
WARNING 2015-04-22 03:35:04,443: Substitution marker !MINST! missing in .agents file; line skipped
WARNING 2015-04-22 03:35:04,443: Substitution marker !MINST! missing in .agents file; line skipped
WARNING 2015-04-22 03:35:04,443: Substitution marker !MINST! missing in .agents file; line skipped
WARNING 2015-04-22 03:35:04,443: Substitution marker !MINST! missing in .agents file; line skipped
WARNING 2015-04-22 03:35:04,443: Substitution marker !MINST! missing in .agents file; line skipped
WARNING 2015-04-22 03:35:04,443: Substitution marker !MINST! missing in .agents file; line skipped
WARNING 2015-04-22 03:35:04,443: Substitution marker !MINST! missing in .agents file; line skipped
WARNING 2015-04-22 03:35:04,443: Substitution marker !MINST! missing in .agents file; line skipped
WARNING 2015-04-22 03:35:04,443: Substitution marker !MINST! missing in .agents file; line skipped
WARNING 2015-04-22 03:35:04,443: Substitution marker !MINST! missing in .agents file; line skipped
WARNING 2015-04-22 03:35:04,444: Substitution marker !MINST! missing in .agents file; line skipped
WARNING 2015-04-22 03:35:04,444: Substitution marker !MINST! missing in .agents file; line skipped
WARNING 2015-04-22 03:35:04,444: Substitution marker !MINST! missing in .agents file; line skipped
WARNING 2015-04-22 03:35:04,444: Substitution marker !MINST! missing in .agents file; line skipped
WARNING 2015-04-22 03:35:04,444: Substitution marker !MINST! missing in .agents file; line skipped
WARNING 2015-04-22 03:35:04,444: Substitution marker !MINST! missing in .agents file; line skipped
WARNING 2015-04-22 03:35:04,444: Substitution marker !MINST! missing in .agents file; line skipped
WARNING 2015-04-22 03:35:04,444: Substitution marker !MINST! missing in .agents file; line skipped
WARNING 2015-04-22 03:35:04,444: Substitution marker !MINST! missing in .agents file; line skipped
WARNING 2015-04-22 03:35:04,444: Substitution marker !MINST! missing in .agents file; line skipped
WARNING 2015-04-22 03:35:04,444: Substitution marker !MINST! missing in .agents file; line skipped
WARNING 2015-04-22 03:35:04,444: Substitution marker !MINST! missing in .agents file; line skipped
WARNING 2015-04-22 03:35:04,444: Substitution marker !MINST! missing in .agents file; line skipped
WARNING 2015-04-22 03:35:04,444: Substitution marker !MINST! missing in .agents file; line skipped
WARNING 2015-04-22 03:35:04,444: Substitution marker !MINST! missing in .agents file; line skipped
WARNING 2015-04-22 03:35:04,444: Substitution marker !MINST! missing in .agents file; line skipped
WARNING 2015-04-22 03:35:04,444: Substitution marker !MINST! missing in .agents file; line skipped
WARNING 2015-04-22 03:35:04,444: Substitution marker !MINST! missing in .agents file; line skipped
WARNING 2015-04-22 03:35:04,444: Substitution marker !MINST! missing in .agents file; line skipped
WARNING 2015-04-22 03:35:04,445: Substitution marker !MINST! missing in .agents file; line skipped
WARNING 2015-04-22 03:35:04,445: Substitution marker !MINST! missing in .agents file; line skipped
WARNING 2015-04-22 03:35:04,445: Substitution marker !MINST! missing in .agents file; line skipped
WARNING 2015-04-22 03:35:04,445: Substitution marker !MINST! missing in .agents file; line skipped
WARNING 2015-04-22 03:35:04,445: Substitution marker !MINST! missing in .agents file; line skipped
WARNING 2015-04-22 03:35:04,445: Substitution marker !MINST! missing in .agents file; line skipped
WARNING 2015-04-22 03:35:04,445: Substitution marker !MINST! missing in .agents file; line skipped
WARNING 2015-04-22 03:35:04,445: Substitution marker !MINST! missing in .agents file; line skipped
WARNING 2015-04-22 03:35:04,445: Substitution marker !MINST! missing in .agents file; line skipped
WARNING 2015-04-22 03:35:04,445: Substitution marker !MINST! missing in .agents file; line skipped
WARNING 2015-04-22 03:35:04,445: Substitution marker !MINST! missing in .agents file; line skipped
WARNING 2015-04-22 03:35:04,445: Substitution marker !MINST! missing in .agents file; line skipped
WARNING 2015-04-22 03:35:04,445: Substitution marker !MINST! missing in .agents file; line skipped
WARNING 2015-04-22 03:35:04,445: Substitution marker !MINST! missing in .agents file; line skipped
WARNING 2015-04-22 03:35:04,445: Substitution marker !MINST! missing in .agents file; line skipped
WARNING 2015-04-22 03:35:04,445: Substitution marker !MINST! missing in .agents file; line skipped
WARNING 2015-04-22 03:35:04,445: Substitution marker !MINST! missing in .agents file; line skipped
WARNING 2015-04-22 03:35:04,446: Substitution marker !MINST! missing in .agents file; line skipped
WARNING 2015-04-22 03:35:04,446: Substitution marker !MINST! missing in .agents file; line skipped
WARNING 2015-04-22 03:35:04,446: Substitution marker !MINST! missing in .agents file; line skipped
WARNING 2015-04-22 03:35:04,446: Substitution marker !MINST! missing in .agents file; line skipped
WARNING 2015-04-22 03:35:04,446: Substitution marker !MINST! missing in .agents file; line skipped
WARNING 2015-04-22 03:35:04,446: Substitution marker !MINST! missing in .agents file; line skipped
WARNING 2015-04-22 03:35:04,446: Substitution marker !MINST! missing in .agents file; line skipped
WARNING 2015-04-22 03:35:04,446: Substitution marker !MINST! missing in .agents file; line skipped
WARNING 2015-04-22 03:35:04,446: Substitution marker !MINST! missing in .agents file; line skipped
WARNING 2015-04-22 03:35:04,446: Substitution marker !MINST! missing in .agents file; line skipped
WARNING 2015-04-22 03:35:04,446: Substitution marker !MINST! missing in .agents file; line skipped
WARNING 2015-04-22 03:35:04,446: Substitution marker !MINST! missing in .agents file; line skipped
WARNING 2015-04-22 03:35:04,446: Substitution marker !MINST! missing in .agents file; line skipped
WARNING 2015-04-22 03:35:04,446: Substitution marker !MINST! missing in .agents file; line skipped
WARNING 2015-04-22 03:35:04,446: Substitution marker !MINST! missing in .agents file; line skipped
WARNING 2015-04-22 03:35:04,446: Substitution marker !MINST! missing in .agents file; line skipped
WARNING 2015-04-22 03:35:04,446: Substitution marker !MINST! missing in .agents file; line skipped
WARNING 2015-04-22 03:35:04,447: Substitution marker !MINST! missing in .agents file; line skipped
WARNING 2015-04-22 03:35:04,447: Substitution marker !MINST! missing in .agents file; line skipped
WARNING 2015-04-22 03:35:04,447: Substitution marker !MINST! missing in .agents file; line skipped
WARNING 2015-04-22 03:35:04,447: Substitution marker !MINST! missing in .agents file; line skipped
WARNING 2015-04-22 03:35:04,447: Substitution marker !MINST! missing in .agents file; line skipped
WARNING 2015-04-22 03:35:04,447: Substitution marker !MINST! missing in .agents file; line skipped
WARNING 2015-04-22 03:35:04,447: Substitution marker !MINST! missing in .agents file; line skipped
WARNING 2015-04-22 03:35:04,447: Substitution marker !MINST! missing in .agents file; line skipped
WARNING 2015-04-22 03:35:04,447: Substitution marker !MINST! missing in .agents file; line skipped
WARNING 2015-04-22 03:35:04,447: Substitution marker !MINST! missing in .agents file; line skipped
WARNING 2015-04-22 03:35:04,447: Substitution marker !MINST! missing in .agents file; line skipped
WARNING 2015-04-22 03:35:04,447: Substitution marker !MINST! missing in .agents file; line skipped
WARNING 2015-04-22 03:35:04,447: Substitution marker !MINST! missing in .agents file; line skipped
WARNING 2015-04-22 03:35:04,447: Substitution marker !MINST! missing in .agents file; line skipped
WARNING 2015-04-22 03:35:04,447: Substitution marker !MINST! missing in .agents file; line skipped
WARNING 2015-04-22 03:35:04,448: Substitution marker !MINST! missing in .agents file; line skipped
WARNING 2015-04-22 03:35:04,448: Substitution marker !MINST! missing in .agents file; line skipped
WARNING 2015-04-22 03:35:04,448: Substitution marker !MINST! missing in .agents file; line skipped
WARNING 2015-04-22 03:35:04,448: Substitution marker !MINST! missing in .agents file; line skipped
WARNING 2015-04-22 03:35:04,448: Substitution marker !MINST! missing in .agents file; line skipped
WARNING 2015-04-22 03:35:04,448: Substitution marker !MINST! missing in .agents file; line skipped
WARNING 2015-04-22 03:35:04,448: Substitution marker !MINST! missing in .agents file; line skipped
WARNING 2015-04-22 03:35:04,448: Substitution marker !MINST! missing in .agents file; line skipped
WARNING 2015-04-22 03:35:04,448: Substitution marker !MINST! missing in .agents file; line skipped
WARNING 2015-04-22 03:35:04,448: Substitution marker !MINST! missing in .agents file; line skipped
WARNING 2015-04-22 03:35:04,448: Substitution marker !MINST! missing in .agents file; line skipped
WARNING 2015-04-22 03:35:04,448: Substitution marker !MINST! missing in .agents file; line skipped
WARNING 2015-04-22 03:35:04,448: Substitution marker !MINST! missing in .agents file; line skipped
WARNING 2015-04-22 03:35:04,448: Substitution marker !MINST! missing in .agents file; line skipped
WARNING 2015-04-22 03:35:04,448: Substitution marker !MINST! missing in .agents file; line skipped
WARNING 2015-04-22 03:35:04,448: Substitution marker !MINST! missing in .agents file; line skipped
WARNING 2015-04-22 03:35:04,448: Substitution marker !MINST! missing in .agents file; line skipped
WARNING 2015-04-22 03:35:04,448: Substitution marker !MINST! missing in .agents file; line skipped
WARNING 2015-04-22 03:35:04,448: Substitution marker !MINST! missing in .agents file; line skipped
WARNING 2015-04-22 03:35:04,449: Substitution marker !MINST! missing in .agents file; line skipped
WARNING 2015-04-22 03:35:04,449: Substitution marker !MINST! missing in .agents file; line skipped
WARNING 2015-04-22 03:35:04,449: Substitution marker !MINST! missing in .agents file; line skipped
WARNING 2015-04-22 03:35:04,449: Substitution marker !MINST! missing in .agents file; line skipped
WARNING 2015-04-22 03:35:04,449: Substitution marker !MINST! missing in .agents file; line skipped
WARNING 2015-04-22 03:35:04,449: Substitution marker !MINST! missing in .agents file; line skipped
WARNING 2015-04-22 03:35:04,449: Substitution marker !MINST! missing in .agents file; line skipped
WARNING 2015-04-22 03:35:04,449: Substitution marker !MINST! missing in .agents file; line skipped
WARNING 2015-04-22 03:35:04,449: Substitution marker !MINST! missing in .agents file; line skipped
WARNING 2015-04-22 03:35:04,449: Substitution marker !MINST! missing in .agents file; line skipped
WARNING 2015-04-22 03:35:04,449: Substitution marker !MINST! missing in .agents file; line skipped
WARNING 2015-04-22 03:35:04,449: Substitution marker !MINST! missing in .agents file; line skipped
WARNING 2015-04-22 03:35:04,449: Substitution marker !MINST! missing in .agents file; line skipped
WARNING 2015-04-22 03:35:04,449: Substitution marker !MINST! missing in .agents file; line skipped
WARNING 2015-04-22 03:35:04,449: Substitution marker !MINST! missing in .agents file; line skipped
WARNING 2015-04-22 03:35:04,449: Substitution marker !MINST! missing in .agents file; line skipped
WARNING 2015-04-22 03:35:04,449: Substitution marker !MINST! missing in .agents file; line skipped
WARNING 2015-04-22 03:35:04,449: Substitution marker !MINST! missing in .agents file; line skipped
WARNING 2015-04-22 03:35:04,450: Substitution marker !MINST! missing in .agents file; line skipped
WARNING 2015-04-22 03:35:04,450: Substitution marker !MINST! missing in .agents file; line skipped
WARNING 2015-04-22 03:35:04,450: Substitution marker !MINST! missing in .agents file; line skipped
WARNING 2015-04-22 03:35:04,450: Substitution marker !MINST! missing in .agents file; line skipped
WARNING 2015-04-22 03:35:04,450: Substitution marker !MINST! missing in .agents file; line skipped
WARNING 2015-04-22 03:35:04,450: Substitution marker !MINST! missing in .agents file; line skipped
WARNING 2015-04-22 03:35:04,450: Substitution marker !MINST! missing in .agents file; line skipped
WARNING 2015-04-22 03:35:04,450: Substitution marker !MINST! missing in .agents file; line skipped
WARNING 2015-04-22 03:35:04,450: Substitution marker !MINST! missing in .agents file; line skipped
WARNING 2015-04-22 03:35:04,450: Substitution marker !MINST! missing in .agents file; line skipped
WARNING 2015-04-22 03:35:04,450: Substitution marker !MINST! missing in .agents file; line skipped
WARNING 2015-04-22 03:35:04,450: Substitution marker !MINST! missing in .agents file; line skipped
WARNING 2015-04-22 03:35:04,450: Substitution marker !MINST! missing in .agents file; line skipped
WARNING 2015-04-22 03:35:04,450: Substitution marker !MINST! missing in .agents file; line skipped
WARNING 2015-04-22 03:35:04,450: Substitution marker !MINST! missing in .agents file; line skipped
WARNING 2015-04-22 03:35:04,450: Substitution marker !MINST! missing in .agents file; line skipped
WARNING 2015-04-22 03:35:04,450: Substitution marker !MINST! missing in .agents file; line skipped
WARNING 2015-04-22 03:35:04,450: Substitution marker !MINST! missing in .agents file; line skipped
WARNING 2015-04-22 03:35:04,450: Substitution marker !MINST! missing in .agents file; line skipped
WARNING 2015-04-22 03:35:04,451: Substitution marker !MINST! missing in .agents file; line skipped
WARNING 2015-04-22 03:35:04,451: Substitution marker !MINST! missing in .agents file; line skipped
WARNING 2015-04-22 03:35:04,451: Substitution marker !MINST! missing in .agents file; line skipped
WARNING 2015-04-22 03:35:04,451: Substitution marker !MINST! missing in .agents file; line skipped
WARNING 2015-04-22 03:35:04,451: Substitution marker !MINST! missing in .agents file; line skipped
WARNING 2015-04-22 03:35:04,451: Substitution marker !MINST! missing in .agents file; line skipped
WARNING 2015-04-22 03:35:04,451: Substitution marker !MINST! missing in .agents file; line skipped
WARNING 2015-04-22 03:35:04,451: Substitution marker !MINST! missing in .agents file; line skipped
WARNING 2015-04-22 03:35:04,451: Substitution marker !MINST! missing in .agents file; line skipped
WARNING 2015-04-22 03:35:04,451: Substitution marker !MINST! missing in .agents file; line skipped
WARNING 2015-04-22 03:35:04,451: Substitution marker !MINST! missing in .agents file; line skipped
WARNING 2015-04-22 03:35:04,451: Substitution marker !MINST! missing in .agents file; line skipped
WARNING 2015-04-22 03:35:04,451: Substitution marker !MINST! missing in .agents file; line skipped
WARNING 2015-04-22 03:35:04,451: Substitution marker !MINST! missing in .agents file; line skipped
WARNING 2015-04-22 03:35:04,451: Substitution marker !MINST! missing in .agents file; line skipped
WARNING 2015-04-22 03:35:04,451: Substitution marker !MINST! missing in .agents file; line skipped
WARNING 2015-04-22 03:35:04,451: Substitution marker !MINST! missing in .agents file; line skipped
WARNING 2015-04-22 03:35:04,451: Substitution marker !MINST! missing in .agents file; line skipped
WARNING 2015-04-22 03:35:04,451: Substitution marker !MINST! missing in .agents file; line skipped
WARNING 2015-04-22 03:35:04,452: Substitution marker !MINST! missing in .agents file; line skipped
WARNING 2015-04-22 03:35:04,452: Substitution marker !MINST! missing in .agents file; line skipped
WARNING 2015-04-22 03:35:04,452: Substitution marker !MINST! missing in .agents file; line skipped
WARNING 2015-04-22 03:35:04,452: Substitution marker !MINST! missing in .agents file; line skipped
WARNING 2015-04-22 03:35:04,452: Substitution marker !MINST! missing in .agents file; line skipped
WARNING 2015-04-22 03:35:04,452: Substitution marker !MINST! missing in .agents file; line skipped
WARNING 2015-04-22 03:35:04,452: Substitution marker !MINST! missing in .agents file; line skipped
WARNING 2015-04-22 03:35:04,452: Substitution marker !MINST! missing in .agents file; line skipped
WARNING 2015-04-22 03:35:04,452: Substitution marker !MINST! missing in .agents file; line skipped
WARNING 2015-04-22 03:35:04,452: Substitution marker !MINST! missing in .agents file; line skipped
WARNING 2015-04-22 03:35:04,452: Substitution marker !MINST! missing in .agents file; line skipped
WARNING 2015-04-22 03:35:04,452: Substitution marker !MINST! missing in .agents file; line skipped
WARNING 2015-04-22 03:35:04,452: Substitution marker !MINST! missing in .agents file; line skipped
WARNING 2015-04-22 03:35:04,452: Substitution marker !MINST! missing in .agents file; line skipped
WARNING 2015-04-22 03:35:04,452: Substitution marker !MINST! missing in .agents file; line skipped
WARNING 2015-04-22 03:35:04,452: Substitution marker !MINST! missing in .agents file; line skipped
WARNING 2015-04-22 03:35:04,452: Substitution marker !MINST! missing in .agents file; line skipped
WARNING 2015-04-22 03:35:04,452: Substitution marker !MINST! missing in .agents file; line skipped
WARNING 2015-04-22 03:35:04,452: Substitution marker !MINST! missing in .agents file; line skipped
WARNING 2015-04-22 03:35:04,453: Substitution marker !MINST! missing in .agents file; line skipped
WARNING 2015-04-22 03:35:04,453: Substitution marker !MINST! missing in .agents file; line skipped
WARNING 2015-04-22 03:35:04,453: Substitution marker !MINST! missing in .agents file; line skipped
WARNING 2015-04-22 03:35:04,453: Substitution marker !MINST! missing in .agents file; line skipped
WARNING 2015-04-22 03:35:04,453: Substitution marker !MINST! missing in .agents file; line skipped
WARNING 2015-04-22 03:35:04,453: Substitution marker !MINST! missing in .agents file; line skipped
WARNING 2015-04-22 03:35:04,453: Substitution marker !MINST! missing in .agents file; line skipped
WARNING 2015-04-22 03:35:04,453: Substitution marker !MINST! missing in .agents file; line skipped
WARNING 2015-04-22 03:35:04,453: Substitution marker !MINST! missing in .agents file; line skipped
WARNING 2015-04-22 03:35:04,453: Substitution marker !MINST! missing in .agents file; line skipped
WARNING 2015-04-22 03:35:04,453: Substitution marker !MINST! missing in .agents file; line skipped
WARNING 2015-04-22 03:35:04,453: Substitution marker !MINST! missing in .agents file; line skipped
WARNING 2015-04-22 03:35:04,453: Substitution marker !MINST! missing in .agents file; line skipped
WARNING 2015-04-22 03:35:04,453: Substitution marker !MINST! missing in .agents file; line skipped
WARNING 2015-04-22 03:35:04,453: Substitution marker !MINST! missing in .agents file; line skipped
WARNING 2015-04-22 03:35:04,453: Substitution marker !MINST! missing in .agents file; line skipped
WARNING 2015-04-22 03:35:04,453: Substitution marker !MINST! missing in .agents file; line skipped
WARNING 2015-04-22 03:35:04,453: Substitution marker !MINST! missing in .agents file; line skipped
WARNING 2015-04-22 03:35:04,454: Substitution marker !MINST! missing in .agents file; line skipped
WARNING 2015-04-22 03:35:04,454: Substitution marker !MINST! missing in .agents file; line skipped
WARNING 2015-04-22 03:35:04,454: Substitution marker !MINST! missing in .agents file; line skipped
WARNING 2015-04-22 03:35:04,454: Substitution marker !MINST! missing in .agents file; line skipped
WARNING 2015-04-22 03:35:04,454: Substitution marker !MINST! missing in .agents file; line skipped
WARNING 2015-04-22 03:35:04,454: Substitution marker !MINST! missing in .agents file; line skipped
WARNING 2015-04-22 03:35:04,454: Substitution marker !MINST! missing in .agents file; line skipped
WARNING 2015-04-22 03:35:04,454: Substitution marker !MINST! missing in .agents file; line skipped
WARNING 2015-04-22 03:35:04,454: Substitution marker !MINST! missing in .agents file; line skipped
WARNING 2015-04-22 03:35:04,454: Substitution marker !MINST! missing in .agents file; line skipped
WARNING 2015-04-22 03:35:04,454: Substitution marker !MINST! missing in .agents file; line skipped
WARNING 2015-04-22 03:35:04,454: Substitution marker !MINST! missing in .agents file; line skipped
WARNING 2015-04-22 03:35:04,454: Substitution marker !MINST! missing in .agents file; line skipped
WARNING 2015-04-22 03:35:04,454: Substitution marker !MINST! missing in .agents file; line skipped
WARNING 2015-04-22 03:35:04,454: Substitution marker !MINST! missing in .agents file; line skipped
WARNING 2015-04-22 03:35:04,454: Substitution marker !MINST! missing in .agents file; line skipped
WARNING 2015-04-22 03:35:04,454: Substitution marker !MINST! missing in .agents file; line skipped
WARNING 2015-04-22 03:35:04,454: Substitution marker !MINST! missing in .agents file; line skipped
WARNING 2015-04-22 03:35:04,455: Substitution marker !MINST! missing in .agents file; line skipped
WARNING 2015-04-22 03:35:04,455: Substitution marker !MINST! missing in .agents file; line skipped
WARNING 2015-04-22 03:35:04,455: Substitution marker !MINST! missing in .agents file; line skipped
WARNING 2015-04-22 03:35:04,455: Substitution marker !MINST! missing in .agents file; line skipped
WARNING 2015-04-22 03:35:04,455: Substitution marker !MINST! missing in .agents file; line skipped
WARNING 2015-04-22 03:35:04,455: Substitution marker !MINST! missing in .agents file; line skipped
WARNING 2015-04-22 03:35:04,455: Substitution marker !MINST! missing in .agents file; line skipped
WARNING 2015-04-22 03:35:04,455: Substitution marker !MINST! missing in .agents file; line skipped
WARNING 2015-04-22 03:35:04,455: Substitution marker !MINST! missing in .agents file; line skipped
WARNING 2015-04-22 03:35:04,455: Substitution marker !MINST! missing in .agents file; line skipped
WARNING 2015-04-22 03:35:04,455: Substitution marker !MINST! missing in .agents file; line skipped
WARNING 2015-04-22 03:35:04,455: Substitution marker !MINST! missing in .agents file; line skipped
WARNING 2015-04-22 03:35:04,455: Substitution marker !MINST! missing in .agents file; line skipped
WARNING 2015-04-22 03:35:04,455: Substitution marker !MINST! missing in .agents file; line skipped
WARNING 2015-04-22 03:35:04,455: Substitution marker !MINST! missing in .agents file; line skipped
WARNING 2015-04-22 03:35:04,455: Substitution marker !MINST! missing in .agents file; line skipped
WARNING 2015-04-22 03:35:04,455: Substitution marker !MINST! missing in .agents file; line skipped
WARNING 2015-04-22 03:35:04,455: Substitution marker !MINST! missing in .agents file; line skipped
WARNING 2015-04-22 03:35:04,456: Substitution marker !MINST! missing in .agents file; line skipped
WARNING 2015-04-22 03:35:04,456: Substitution marker !MINST! missing in .agents file; line skipped
WARNING 2015-04-22 03:35:04,456: Substitution marker !MINST! missing in .agents file; line skipped
WARNING 2015-04-22 03:35:04,456: Substitution marker !MINST! missing in .agents file; line skipped
WARNING 2015-04-22 03:35:04,456: Substitution marker !MINST! missing in .agents file; line skipped
WARNING 2015-04-22 03:35:04,456: Substitution marker !MINST! missing in .agents file; line skipped
WARNING 2015-04-22 03:35:04,456: Substitution marker !MINST! missing in .agents file; line skipped
WARNING 2015-04-22 03:35:04,456: Substitution marker !MINST! missing in .agents file; line skipped
WARNING 2015-04-22 03:35:04,456: Substitution marker !MINST! missing in .agents file; line skipped
WARNING 2015-04-22 03:35:04,456: Substitution marker !MINST! missing in .agents file; line skipped
WARNING 2015-04-22 03:35:04,456: Substitution marker !MINST! missing in .agents file; line skipped
WARNING 2015-04-22 03:35:04,456: Substitution marker !MINST! missing in .agents file; line skipped
WARNING 2015-04-22 03:35:04,456: Substitution marker !MINST! missing in .agents file; line skipped
WARNING 2015-04-22 03:35:04,456: Substitution marker !MINST! missing in .agents file; line skipped
WARNING 2015-04-22 03:35:04,456: Substitution marker !MINST! missing in .agents file; line skipped
WARNING 2015-04-22 03:35:04,456: Substitution marker !MINST! missing in .agents file; line skipped
WARNING 2015-04-22 03:35:04,456: Substitution marker !MINST! missing in .agents file; line skipped
WARNING 2015-04-22 03:35:04,456: Substitution marker !MINST! missing in .agents file; line skipped
WARNING 2015-04-22 03:35:04,456: Substitution marker !MINST! missing in .agents file; line skipped
WARNING 2015-04-22 03:35:04,457: Substitution marker !MINST! missing in .agents file; line skipped
WARNING 2015-04-22 03:35:04,457: Substitution marker !MINST! missing in .agents file; line skipped
WARNING 2015-04-22 03:35:04,457: Substitution marker !MINST! missing in .agents file; line skipped
WARNING 2015-04-22 03:35:04,457: Substitution marker !MINST! missing in .agents file; line skipped
WARNING 2015-04-22 03:35:04,457: Substitution marker !MINST! missing in .agents file; line skipped
WARNING 2015-04-22 03:35:04,457: Substitution marker !MINST! missing in .agents file; line skipped
WARNING 2015-04-22 03:35:04,457: Substitution marker !MINST! missing in .agents file; line skipped
WARNING 2015-04-22 03:35:04,457: Substitution marker !MINST! missing in .agents file; line skipped
WARNING 2015-04-22 03:35:04,457: Substitution marker !MINST! missing in .agents file; line skipped
WARNING 2015-04-22 03:35:04,457: Substitution marker !MINST! missing in .agents file; line skipped
WARNING 2015-04-22 03:35:04,457: Substitution marker !MINST! missing in .agents file; line skipped
WARNING 2015-04-22 03:35:04,458: Substitution marker !MINST! missing in .agents file; line skipped
WARNING 2015-04-22 03:35:04,458: Substitution marker !MINST! missing in .agents file; line skipped
WARNING 2015-04-22 03:35:04,458: Substitution marker !MINST! missing in .agents file; line skipped
WARNING 2015-04-22 03:35:04,458: Substitution marker !MINST! missing in .agents file; line skipped
WARNING 2015-04-22 03:35:04,458: Substitution marker !MINST! missing in .agents file; line skipped
WARNING 2015-04-22 03:35:04,458: Substitution marker !MINST! missing in .agents file; line skipped
WARNING 2015-04-22 03:35:04,458: Substitution marker !MINST! missing in .agents file; line skipped
WARNING 2015-04-22 03:35:04,458: Substitution marker !MINST! missing in .agents file; line skipped
WARNING 2015-04-22 03:35:04,458: Substitution marker !MINST! missing in .agents file; line skipped
WARNING 2015-04-22 03:35:04,458: Substitution marker !MINST! missing in .agents file; line skipped
WARNING 2015-04-22 03:35:04,458: Substitution marker !MINST! missing in .agents file; line skipped
WARNING 2015-04-22 03:35:04,459: Substitution marker !MINST! missing in .agents file; line skipped
WARNING 2015-04-22 03:35:04,459: Substitution marker !MINST! missing in .agents file; line skipped
WARNING 2015-04-22 03:35:04,459: Substitution marker !MINST! missing in .agents file; line skipped
WARNING 2015-04-22 03:35:04,460: Substitution marker !MINST! missing in .agents file; line skipped
WARNING 2015-04-22 03:35:04,460: Substitution marker !MINST! missing in .agents file; line skipped
WARNING 2015-04-22 03:35:04,460: Substitution marker !MINST! missing in .agents file; line skipped
WARNING 2015-04-22 03:35:04,460: Substitution marker !MINST! missing in .agents file; line skipped
WARNING 2015-04-22 03:35:04,460: Substitution marker !MINST! missing in .agents file; line skipped
WARNING 2015-04-22 03:35:04,461: Substitution marker !MINST! missing in .agents file; line skipped
WARNING 2015-04-22 03:35:04,461: Substitution marker !MINST! missing in .agents file; line skipped
WARNING 2015-04-22 03:35:04,461: Substitution marker !MINST! missing in .agents file; line skipped
WARNING 2015-04-22 03:35:04,461: Substitution marker !MINST! missing in .agents file; line skipped
WARNING 2015-04-22 03:35:04,461: Substitution marker !MINST! missing in .agents file; line skipped
WARNING 2015-04-22 03:35:04,461: Substitution marker !MINST! missing in .agents file; line skipped
WARNING 2015-04-22 03:35:04,461: Substitution marker !MINST! missing in .agents file; line skipped
WARNING 2015-04-22 03:35:04,462: Substitution marker !MINST! missing in .agents file; line skipped
WARNING 2015-04-22 03:35:04,462: Substitution marker !MINST! missing in .agents file; line skipped
WARNING 2015-04-22 03:35:04,462: Substitution marker !MINST! missing in .agents file; line skipped
WARNING 2015-04-22 03:35:04,462: Substitution marker !MINST! missing in .agents file; line skipped
WARNING 2015-04-22 03:35:04,462: Substitution marker !MINST! missing in .agents file; line skipped
WARNING 2015-04-22 03:35:04,462: Substitution marker !MINST! missing in .agents file; line skipped
WARNING 2015-04-22 03:35:04,462: Substitution marker !MINST! missing in .agents file; line skipped
WARNING 2015-04-22 03:35:04,463: Substitution marker !MINST! missing in .agents file; line skipped
WARNING 2015-04-22 03:35:04,463: Substitution marker !MINST! missing in .agents file; line skipped
WARNING 2015-04-22 03:35:04,463: Substitution marker !MINST! missing in .agents file; line skipped
WARNING 2015-04-22 03:35:04,463: Substitution marker !MINST! missing in .agents file; line skipped
WARNING 2015-04-22 03:35:04,463: Substitution marker !MINST! missing in .agents file; line skipped
WARNING 2015-04-22 03:35:04,463: Substitution marker !MINST! missing in .agents file; line skipped
WARNING 2015-04-22 03:35:04,463: Substitution marker !MINST! missing in .agents file; line skipped
WARNING 2015-04-22 03:35:04,463: Substitution marker !MINST! missing in .agents file; line skipped
WARNING 2015-04-22 03:35:04,463: Substitution marker !MINST! missing in .agents file; line skipped
WARNING 2015-04-22 03:35:04,463: Substitution marker !MINST! missing in .agents file; line skipped
WARNING 2015-04-22 03:35:04,463: Substitution marker !MINST! missing in .agents file; line skipped
WARNING 2015-04-22 03:35:04,463: Substitution marker !MINST! missing in .agents file; line skipped
WARNING 2015-04-22 03:35:04,463: Substitution marker !MINST! missing in .agents file; line skipped
WARNING 2015-04-22 03:35:04,463: Substitution marker !MINST! missing in .agents file; line skipped
WARNING 2015-04-22 03:35:04,463: Substitution marker !MINST! missing in .agents file; line skipped
WARNING 2015-04-22 03:35:04,471: Codes are required for agents in .agents file ; line skipped
INFO 2015-04-22 03:35:04,509: Reading Phoenix.discards.txt
INFO 2015-04-22 03:35:04,511: Reading Phoenix.IssueCoding.txt
INFO 2015-04-22 03:35:04,548: Processing CMAK
INFO 2015-04-22 03:35:04,548: 	Processing CMAK_1
INFO 2015-04-22 03:35:04,554: 	Processing CMAK_0
INFO 2015-04-22 03:35:04,555: 	Processing CMAK_3
INFO 2015-04-22 03:35:04,559: 	Processing CMAK_2
INFO 2015-04-22 03:35:04,560: 	Processing CMAK_5
INFO 2015-04-22 03:35:04,563: 	Processing CMAK_4
INFO 2015-04-22 03:35:04,564: 	Sentence discard.  2010
INFO 2015-04-22 03:35:04,564: 	Processing CMAK_7
INFO 2015-04-22 03:35:04,565: 	Processing CMAK_6
INFO 2015-04-22 03:35:04,566: 	Processing CMAK_9
INFO 2015-04-22 03:35:04,568: 	Processing CMAK_8
